[0.007s] Invoking command in '/home/don/cobot_ws/build/cobot_moveit_config': CMAKE_PREFIX_PATH=/home/don/cobot_ws/install/Cobot_urdf_description:/opt/ros/humble PYTHONPATH=/home/don/cobot_ws/build/Cobot_urdf_description:/home/don/cobot_ws/install/Cobot_urdf_description/lib/python3.10/site-packages:/home/don/cobot_ws/install/Cobot_urdf_description/lib/python3.8/site-packages:/opt/ros/humble/lib/python3.10/site-packages:/opt/ros/humble/local/lib/python3.10/dist-packages /usr/bin/cmake /home/don/cobot_ws/src/cobot_moveit_config -DAMENT_CMAKE_SYMLINK_INSTALL=1 -DCMAKE_INSTALL_PREFIX=/home/don/cobot_ws/install/cobot_moveit_config
[0.017s] -- Found ament_cmake: 1.3.8 (/opt/ros/humble/share/ament_cmake/cmake)
[0.114s] -- Override CMake install command with custom implementation using symlinks instead of copying resources
[0.179s] -- Configuring done
[0.182s] -- Generating done
[0.183s] -- Build files have been written to: /home/don/cobot_ws/build/cobot_moveit_config
[0.186s] Invoked command in '/home/don/cobot_ws/build/cobot_moveit_config' returned '0': CMAKE_PREFIX_PATH=/home/don/cobot_ws/install/Cobot_urdf_description:/opt/ros/humble PYTHONPATH=/home/don/cobot_ws/build/Cobot_urdf_description:/home/don/cobot_ws/install/Cobot_urdf_description/lib/python3.10/site-packages:/home/don/cobot_ws/install/Cobot_urdf_description/lib/python3.8/site-packages:/opt/ros/humble/lib/python3.10/site-packages:/opt/ros/humble/local/lib/python3.10/dist-packages /usr/bin/cmake /home/don/cobot_ws/src/cobot_moveit_config -DAMENT_CMAKE_SYMLINK_INSTALL=1 -DCMAKE_INSTALL_PREFIX=/home/don/cobot_ws/install/cobot_moveit_config
[0.187s] Invoking command in '/home/don/cobot_ws/build/cobot_moveit_config': CMAKE_PREFIX_PATH=/home/don/cobot_ws/install/Cobot_urdf_description:/opt/ros/humble PYTHONPATH=/home/don/cobot_ws/build/Cobot_urdf_description:/home/don/cobot_ws/install/Cobot_urdf_description/lib/python3.10/site-packages:/home/don/cobot_ws/install/Cobot_urdf_description/lib/python3.8/site-packages:/opt/ros/humble/lib/python3.10/site-packages:/opt/ros/humble/local/lib/python3.10/dist-packages /usr/bin/cmake --build /home/don/cobot_ws/build/cobot_moveit_config -- -j12 -l12
[0.222s] Invoked command in '/home/don/cobot_ws/build/cobot_moveit_config' returned '0': CMAKE_PREFIX_PATH=/home/don/cobot_ws/install/Cobot_urdf_description:/opt/ros/humble PYTHONPATH=/home/don/cobot_ws/build/Cobot_urdf_description:/home/don/cobot_ws/install/Cobot_urdf_description/lib/python3.10/site-packages:/home/don/cobot_ws/install/Cobot_urdf_description/lib/python3.8/site-packages:/opt/ros/humble/lib/python3.10/site-packages:/opt/ros/humble/local/lib/python3.10/dist-packages /usr/bin/cmake --build /home/don/cobot_ws/build/cobot_moveit_config -- -j12 -l12
[0.249s] Invoking command in '/home/don/cobot_ws/build/cobot_moveit_config': CMAKE_PREFIX_PATH=/home/don/cobot_ws/install/Cobot_urdf_description:/opt/ros/humble PYTHONPATH=/home/don/cobot_ws/build/Cobot_urdf_description:/home/don/cobot_ws/install/Cobot_urdf_description/lib/python3.10/site-packages:/home/don/cobot_ws/install/Cobot_urdf_description/lib/python3.8/site-packages:/opt/ros/humble/lib/python3.10/site-packages:/opt/ros/humble/local/lib/python3.10/dist-packages /usr/bin/cmake --install /home/don/cobot_ws/build/cobot_moveit_config
[0.255s] -- Install configuration: ""
[0.255s] -- Execute custom install script
[0.256s] -- Symlinking: /home/don/cobot_ws/install/cobot_moveit_config/share/ament_index/resource_index/package_run_dependencies/cobot_moveit_config
[0.263s] -- Symlinking: /home/don/cobot_ws/install/cobot_moveit_config/share/ament_index/resource_index/parent_prefix_path/cobot_moveit_config
[0.271s] -- Symlinking: /home/don/cobot_ws/install/cobot_moveit_config/share/cobot_moveit_config/environment/ament_prefix_path.sh
[0.279s] -- Symlinking: /home/don/cobot_ws/install/cobot_moveit_config/share/cobot_moveit_config/environment/ament_prefix_path.dsv
[0.286s] -- Symlinking: /home/don/cobot_ws/install/cobot_moveit_config/share/cobot_moveit_config/environment/path.sh
[0.294s] -- Symlinking: /home/don/cobot_ws/install/cobot_moveit_config/share/cobot_moveit_config/environment/path.dsv
[0.303s] -- Symlinking: /home/don/cobot_ws/install/cobot_moveit_config/share/cobot_moveit_config/local_setup.bash
[0.311s] -- Symlinking: /home/don/cobot_ws/install/cobot_moveit_config/share/cobot_moveit_config/local_setup.sh
[0.320s] -- Symlinking: /home/don/cobot_ws/install/cobot_moveit_config/share/cobot_moveit_config/local_setup.zsh
[0.328s] -- Symlinking: /home/don/cobot_ws/install/cobot_moveit_config/share/cobot_moveit_config/local_setup.dsv
[0.336s] -- Symlinking: /home/don/cobot_ws/install/cobot_moveit_config/share/cobot_moveit_config/package.dsv
[0.344s] -- Symlinking: /home/don/cobot_ws/install/cobot_moveit_config/share/ament_index/resource_index/packages/cobot_moveit_config
[0.352s] -- Symlinking: /home/don/cobot_ws/install/cobot_moveit_config/share/cobot_moveit_config/cmake/cobot_moveit_configConfig.cmake
[0.359s] -- Symlinking: /home/don/cobot_ws/install/cobot_moveit_config/share/cobot_moveit_config/cmake/cobot_moveit_configConfig-version.cmake
[0.367s] -- Symlinking: /home/don/cobot_ws/install/cobot_moveit_config/share/cobot_moveit_config/package.xml
[0.375s] -- Symlinking: /home/don/cobot_ws/install/cobot_moveit_config/share/cobot_moveit_config/launch/demo.launch.py
[0.382s] -- Symlinking: /home/don/cobot_ws/install/cobot_moveit_config/share/cobot_moveit_config/launch/move_group.launch.py
[0.389s] -- Symlinking: /home/don/cobot_ws/install/cobot_moveit_config/share/cobot_moveit_config/launch/moveit_rviz.launch.py
[0.397s] -- Symlinking: /home/don/cobot_ws/install/cobot_moveit_config/share/cobot_moveit_config/launch/rsp.launch.py
[0.406s] -- Symlinking: /home/don/cobot_ws/install/cobot_moveit_config/share/cobot_moveit_config/launch/setup_assistant.launch.py
[0.414s] -- Symlinking: /home/don/cobot_ws/install/cobot_moveit_config/share/cobot_moveit_config/launch/spawn_controllers.launch.py
[0.422s] -- Symlinking: /home/don/cobot_ws/install/cobot_moveit_config/share/cobot_moveit_config/launch/static_virtual_joint_tfs.launch.py
[0.430s] -- Symlinking: /home/don/cobot_ws/install/cobot_moveit_config/share/cobot_moveit_config/launch/warehouse_db.launch.py
[0.439s] -- Symlinking: /home/don/cobot_ws/install/cobot_moveit_config/share/cobot_moveit_config/config/Cobot_urdf.ros2_control.xacro
[0.446s] -- Symlinking: /home/don/cobot_ws/install/cobot_moveit_config/share/cobot_moveit_config/config/Cobot_urdf.srdf
[0.454s] -- Symlinking: /home/don/cobot_ws/install/cobot_moveit_config/share/cobot_moveit_config/config/Cobot_urdf.urdf.xacro
[0.461s] -- Symlinking: /home/don/cobot_ws/install/cobot_moveit_config/share/cobot_moveit_config/config/initial_positions.yaml
[0.468s] -- Symlinking: /home/don/cobot_ws/install/cobot_moveit_config/share/cobot_moveit_config/config/joint_limits.yaml
[0.475s] -- Symlinking: /home/don/cobot_ws/install/cobot_moveit_config/share/cobot_moveit_config/config/kinematics.yaml
[0.483s] -- Symlinking: /home/don/cobot_ws/install/cobot_moveit_config/share/cobot_moveit_config/config/moveit.rviz
[0.491s] -- Symlinking: /home/don/cobot_ws/install/cobot_moveit_config/share/cobot_moveit_config/config/pilz_cartesian_limits.yaml
[0.499s] -- Symlinking: /home/don/cobot_ws/install/cobot_moveit_config/share/cobot_moveit_config/config/sensors_3d.yaml
[0.508s] -- Symlinking: /home/don/cobot_ws/install/cobot_moveit_config/share/cobot_moveit_config/.setup_assistant
[0.518s] Invoked command in '/home/don/cobot_ws/build/cobot_moveit_config' returned '0': CMAKE_PREFIX_PATH=/home/don/cobot_ws/install/Cobot_urdf_description:/opt/ros/humble PYTHONPATH=/home/don/cobot_ws/build/Cobot_urdf_description:/home/don/cobot_ws/install/Cobot_urdf_description/lib/python3.10/site-packages:/home/don/cobot_ws/install/Cobot_urdf_description/lib/python3.8/site-packages:/opt/ros/humble/lib/python3.10/site-packages:/opt/ros/humble/local/lib/python3.10/dist-packages /usr/bin/cmake --install /home/don/cobot_ws/build/cobot_moveit_config
