[0.133s] DEBUG:colcon:Command line arguments: ['/usr/bin/colcon', 'build', '--symlink-install']
[0.133s] DEBUG:colcon:Parsed command line arguments: Namespace(log_base=None, log_level=None, verb_name='build', build_base='build', install_base='install', merge_install=False, symlink_install=True, test_result_base=None, continue_on_error=False, executor='parallel', parallel_workers=12, event_handlers=None, ignore_user_meta=False, metas=['./colcon.meta'], base_paths=['.'], packages_ignore=None, packages_ignore_regex=None, paths=None, packages_up_to=None, packages_up_to_regex=None, packages_above=None, packages_above_and_dependencies=None, packages_above_depth=None, packages_select_by_dep=None, packages_skip_by_dep=None, packages_skip_up_to=None, packages_select_build_failed=False, packages_skip_build_finished=False, packages_select_test_failures=False, packages_skip_test_passed=False, packages_select=None, packages_skip=None, packages_select_regex=None, packages_skip_regex=None, packages_start=None, packages_end=None, allow_overriding=[], cmake_args=None, cmake_target=None, cmake_target_skip_unavailable=False, cmake_clean_cache=False, cmake_clean_first=False, cmake_force_configure=False, ament_cmake_args=None, catkin_cmake_args=None, catkin_skip_building_tests=False, mixin_files=None, mixin=None, verb_parser=<colcon_mixin.mixin.mixin_argument.MixinArgumentDecorator object at 0x73821e38a920>, verb_extension=<colcon_core.verb.build.BuildVerb object at 0x73821e5aabf0>, main=<bound method BuildVerb.main of <colcon_core.verb.build.BuildVerb object at 0x73821e5aabf0>>, mixin_verb=('build',))
[0.305s] Level 1:colcon.colcon_core.package_discovery:discover_packages(colcon_meta) check parameters
[0.305s] Level 1:colcon.colcon_core.package_discovery:discover_packages(recursive) check parameters
[0.305s] Level 1:colcon.colcon_core.package_discovery:discover_packages(ignore) check parameters
[0.305s] Level 1:colcon.colcon_core.package_discovery:discover_packages(path) check parameters
[0.305s] Level 1:colcon.colcon_core.package_discovery:discover_packages(colcon_meta) discover
[0.305s] Level 1:colcon.colcon_core.package_discovery:discover_packages(recursive) discover
[0.305s] INFO:colcon.colcon_core.package_discovery:Crawling recursively for packages in '/home/don/cobot_ws'
[0.305s] Level 1:colcon.colcon_core.package_identification:_identify(.) by extensions ['ignore', 'ignore_ament_install']
[0.306s] Level 1:colcon.colcon_core.package_identification:_identify(.) by extension 'ignore'
[0.306s] Level 1:colcon.colcon_core.package_identification:_identify(.) by extension 'ignore_ament_install'
[0.306s] Level 1:colcon.colcon_core.package_identification:_identify(.) by extensions ['colcon_pkg']
[0.306s] Level 1:colcon.colcon_core.package_identification:_identify(.) by extension 'colcon_pkg'
[0.306s] Level 1:colcon.colcon_core.package_identification:_identify(.) by extensions ['colcon_meta']
[0.306s] Level 1:colcon.colcon_core.package_identification:_identify(.) by extension 'colcon_meta'
[0.306s] Level 1:colcon.colcon_core.package_identification:_identify(.) by extensions ['ros']
[0.306s] Level 1:colcon.colcon_core.package_identification:_identify(.) by extension 'ros'
[0.326s] Level 1:colcon.colcon_core.package_identification:_identify(.) by extensions ['cmake', 'python']
[0.326s] Level 1:colcon.colcon_core.package_identification:_identify(.) by extension 'cmake'
[0.326s] Level 1:colcon.colcon_core.package_identification:_identify(.) by extension 'python'
[0.326s] Level 1:colcon.colcon_core.package_identification:_identify(.) by extensions ['python_setup_py']
[0.326s] Level 1:colcon.colcon_core.package_identification:_identify(.) by extension 'python_setup_py'
[0.326s] Level 1:colcon.colcon_core.package_identification:_identify(build) by extensions ['ignore', 'ignore_ament_install']
[0.326s] Level 1:colcon.colcon_core.package_identification:_identify(build) by extension 'ignore'
[0.326s] Level 1:colcon.colcon_core.package_identification:_identify(build) ignored
[0.326s] Level 1:colcon.colcon_core.package_identification:_identify(install) by extensions ['ignore', 'ignore_ament_install']
[0.327s] Level 1:colcon.colcon_core.package_identification:_identify(install) by extension 'ignore'
[0.327s] Level 1:colcon.colcon_core.package_identification:_identify(install) ignored
[0.327s] Level 1:colcon.colcon_core.package_identification:_identify(log) by extensions ['ignore', 'ignore_ament_install']
[0.327s] Level 1:colcon.colcon_core.package_identification:_identify(log) by extension 'ignore'
[0.327s] Level 1:colcon.colcon_core.package_identification:_identify(log) ignored
[0.327s] Level 1:colcon.colcon_core.package_identification:_identify(src) by extensions ['ignore', 'ignore_ament_install']
[0.327s] Level 1:colcon.colcon_core.package_identification:_identify(src) by extension 'ignore'
[0.327s] Level 1:colcon.colcon_core.package_identification:_identify(src) by extension 'ignore_ament_install'
[0.327s] Level 1:colcon.colcon_core.package_identification:_identify(src) by extensions ['colcon_pkg']
[0.327s] Level 1:colcon.colcon_core.package_identification:_identify(src) by extension 'colcon_pkg'
[0.327s] Level 1:colcon.colcon_core.package_identification:_identify(src) by extensions ['colcon_meta']
[0.327s] Level 1:colcon.colcon_core.package_identification:_identify(src) by extension 'colcon_meta'
[0.327s] Level 1:colcon.colcon_core.package_identification:_identify(src) by extensions ['ros']
[0.327s] Level 1:colcon.colcon_core.package_identification:_identify(src) by extension 'ros'
[0.327s] Level 1:colcon.colcon_core.package_identification:_identify(src) by extensions ['cmake', 'python']
[0.327s] Level 1:colcon.colcon_core.package_identification:_identify(src) by extension 'cmake'
[0.327s] Level 1:colcon.colcon_core.package_identification:_identify(src) by extension 'python'
[0.327s] Level 1:colcon.colcon_core.package_identification:_identify(src) by extensions ['python_setup_py']
[0.327s] Level 1:colcon.colcon_core.package_identification:_identify(src) by extension 'python_setup_py'
[0.327s] Level 1:colcon.colcon_core.package_identification:_identify(src/cobot) by extensions ['ignore', 'ignore_ament_install']
[0.327s] Level 1:colcon.colcon_core.package_identification:_identify(src/cobot) by extension 'ignore'
[0.328s] Level 1:colcon.colcon_core.package_identification:_identify(src/cobot) by extension 'ignore_ament_install'
[0.328s] Level 1:colcon.colcon_core.package_identification:_identify(src/cobot) by extensions ['colcon_pkg']
[0.328s] Level 1:colcon.colcon_core.package_identification:_identify(src/cobot) by extension 'colcon_pkg'
[0.328s] Level 1:colcon.colcon_core.package_identification:_identify(src/cobot) by extensions ['colcon_meta']
[0.328s] Level 1:colcon.colcon_core.package_identification:_identify(src/cobot) by extension 'colcon_meta'
[0.328s] Level 1:colcon.colcon_core.package_identification:_identify(src/cobot) by extensions ['ros']
[0.328s] Level 1:colcon.colcon_core.package_identification:_identify(src/cobot) by extension 'ros'
[0.330s] DEBUG:colcon.colcon_core.package_identification:Package 'src/cobot' with type 'ros.ament_python' and name 'Cobot_urdf_description'
[0.330s] Level 1:colcon.colcon_core.package_identification:_identify(src/cobot_moveit_config) by extensions ['ignore', 'ignore_ament_install']
[0.330s] Level 1:colcon.colcon_core.package_identification:_identify(src/cobot_moveit_config) by extension 'ignore'
[0.330s] Level 1:colcon.colcon_core.package_identification:_identify(src/cobot_moveit_config) by extension 'ignore_ament_install'
[0.330s] Level 1:colcon.colcon_core.package_identification:_identify(src/cobot_moveit_config) by extensions ['colcon_pkg']
[0.330s] Level 1:colcon.colcon_core.package_identification:_identify(src/cobot_moveit_config) by extension 'colcon_pkg'
[0.330s] Level 1:colcon.colcon_core.package_identification:_identify(src/cobot_moveit_config) by extensions ['colcon_meta']
[0.330s] Level 1:colcon.colcon_core.package_identification:_identify(src/cobot_moveit_config) by extension 'colcon_meta'
[0.331s] Level 1:colcon.colcon_core.package_identification:_identify(src/cobot_moveit_config) by extensions ['ros']
[0.331s] Level 1:colcon.colcon_core.package_identification:_identify(src/cobot_moveit_config) by extension 'ros'
[0.331s] DEBUG:colcon.colcon_core.package_identification:Package 'src/cobot_moveit_config' with type 'ros.ament_cmake' and name 'cobot_moveit_config'
[0.331s] Level 1:colcon.colcon_core.package_discovery:discover_packages(recursive) using defaults
[0.331s] Level 1:colcon.colcon_core.package_discovery:discover_packages(ignore) discover
[0.331s] Level 1:colcon.colcon_core.package_discovery:discover_packages(ignore) using defaults
[0.331s] Level 1:colcon.colcon_core.package_discovery:discover_packages(path) discover
[0.331s] Level 1:colcon.colcon_core.package_discovery:discover_packages(path) using defaults
[0.349s] Level 1:colcon.colcon_core.package_discovery:discover_packages(prefix_path) check parameters
[0.349s] Level 1:colcon.colcon_core.package_discovery:discover_packages(prefix_path) discover
[0.352s] DEBUG:colcon.colcon_installed_package_information.package_discovery:Found 0 installed packages in /home/don/cobot_ws/install
[0.353s] DEBUG:colcon.colcon_installed_package_information.package_discovery:Found 369 installed packages in /opt/ros/humble
[0.354s] Level 1:colcon.colcon_core.package_discovery:discover_packages(prefix_path) using defaults
[0.391s] Level 5:colcon.colcon_core.verb:set package 'Cobot_urdf_description' build argument 'cmake_args' from command line to 'None'
[0.391s] Level 5:colcon.colcon_core.verb:set package 'Cobot_urdf_description' build argument 'cmake_target' from command line to 'None'
[0.391s] Level 5:colcon.colcon_core.verb:set package 'Cobot_urdf_description' build argument 'cmake_target_skip_unavailable' from command line to 'False'
[0.391s] Level 5:colcon.colcon_core.verb:set package 'Cobot_urdf_description' build argument 'cmake_clean_cache' from command line to 'False'
[0.391s] Level 5:colcon.colcon_core.verb:set package 'Cobot_urdf_description' build argument 'cmake_clean_first' from command line to 'False'
[0.391s] Level 5:colcon.colcon_core.verb:set package 'Cobot_urdf_description' build argument 'cmake_force_configure' from command line to 'False'
[0.391s] Level 5:colcon.colcon_core.verb:set package 'Cobot_urdf_description' build argument 'ament_cmake_args' from command line to 'None'
[0.391s] Level 5:colcon.colcon_core.verb:set package 'Cobot_urdf_description' build argument 'catkin_cmake_args' from command line to 'None'
[0.391s] Level 5:colcon.colcon_core.verb:set package 'Cobot_urdf_description' build argument 'catkin_skip_building_tests' from command line to 'False'
[0.391s] DEBUG:colcon.colcon_core.verb:Building package 'Cobot_urdf_description' with the following arguments: {'ament_cmake_args': None, 'build_base': '/home/don/cobot_ws/build/Cobot_urdf_description', 'catkin_cmake_args': None, 'catkin_skip_building_tests': False, 'cmake_args': None, 'cmake_clean_cache': False, 'cmake_clean_first': False, 'cmake_force_configure': False, 'cmake_target': None, 'cmake_target_skip_unavailable': False, 'install_base': '/home/don/cobot_ws/install/Cobot_urdf_description', 'merge_install': False, 'path': '/home/don/cobot_ws/src/cobot', 'symlink_install': True, 'test_result_base': None}
[0.391s] Level 5:colcon.colcon_core.verb:set package 'cobot_moveit_config' build argument 'cmake_args' from command line to 'None'
[0.391s] Level 5:colcon.colcon_core.verb:set package 'cobot_moveit_config' build argument 'cmake_target' from command line to 'None'
[0.391s] Level 5:colcon.colcon_core.verb:set package 'cobot_moveit_config' build argument 'cmake_target_skip_unavailable' from command line to 'False'
[0.391s] Level 5:colcon.colcon_core.verb:set package 'cobot_moveit_config' build argument 'cmake_clean_cache' from command line to 'False'
[0.391s] Level 5:colcon.colcon_core.verb:set package 'cobot_moveit_config' build argument 'cmake_clean_first' from command line to 'False'
[0.391s] Level 5:colcon.colcon_core.verb:set package 'cobot_moveit_config' build argument 'cmake_force_configure' from command line to 'False'
[0.391s] Level 5:colcon.colcon_core.verb:set package 'cobot_moveit_config' build argument 'ament_cmake_args' from command line to 'None'
[0.391s] Level 5:colcon.colcon_core.verb:set package 'cobot_moveit_config' build argument 'catkin_cmake_args' from command line to 'None'
[0.391s] Level 5:colcon.colcon_core.verb:set package 'cobot_moveit_config' build argument 'catkin_skip_building_tests' from command line to 'False'
[0.391s] DEBUG:colcon.colcon_core.verb:Building package 'cobot_moveit_config' with the following arguments: {'ament_cmake_args': None, 'build_base': '/home/don/cobot_ws/build/cobot_moveit_config', 'catkin_cmake_args': None, 'catkin_skip_building_tests': False, 'cmake_args': None, 'cmake_clean_cache': False, 'cmake_clean_first': False, 'cmake_force_configure': False, 'cmake_target': None, 'cmake_target_skip_unavailable': False, 'install_base': '/home/don/cobot_ws/install/cobot_moveit_config', 'merge_install': False, 'path': '/home/don/cobot_ws/src/cobot_moveit_config', 'symlink_install': True, 'test_result_base': None}
[0.392s] INFO:colcon.colcon_core.executor:Executing jobs using 'parallel' executor
[0.392s] DEBUG:colcon.colcon_parallel_executor.executor.parallel:run_until_complete
[0.393s] INFO:colcon.colcon_ros.task.ament_python.build:Building ROS package in '/home/don/cobot_ws/src/cobot' with build type 'ament_python'
[0.393s] Level 1:colcon.colcon_core.shell:create_environment_hook('Cobot_urdf_description', 'ament_prefix_path')
[0.396s] INFO:colcon.colcon_core.plugin_system:Skipping extension 'colcon_core.shell.bat': Not used on non-Windows systems
[0.397s] INFO:colcon.colcon_core.shell:Creating environment hook '/home/don/cobot_ws/install/Cobot_urdf_description/share/Cobot_urdf_description/hook/ament_prefix_path.ps1'
[0.397s] INFO:colcon.colcon_core.shell:Creating environment descriptor '/home/don/cobot_ws/install/Cobot_urdf_description/share/Cobot_urdf_description/hook/ament_prefix_path.dsv'
[0.397s] INFO:colcon.colcon_core.shell:Creating environment hook '/home/don/cobot_ws/install/Cobot_urdf_description/share/Cobot_urdf_description/hook/ament_prefix_path.sh'
[0.398s] INFO:colcon.colcon_core.shell:Skip shell extension 'powershell' for command environment: Not usable outside of PowerShell
[0.398s] DEBUG:colcon.colcon_core.shell:Skip shell extension 'dsv' for command environment
[0.642s] INFO:colcon.colcon_core.task.python.build:Building Python package in '/home/don/cobot_ws/src/cobot'
[0.642s] INFO:colcon.colcon_core.shell:Skip shell extension 'powershell' for command environment: Not usable outside of PowerShell
[0.642s] DEBUG:colcon.colcon_core.shell:Skip shell extension 'dsv' for command environment
[0.962s] DEBUG:colcon.colcon_core.event_handler.log_command:Invoking command in '/home/don/cobot_ws/build/Cobot_urdf_description': PYTHONPATH=/home/don/cobot_ws/build/Cobot_urdf_description/prefix_override:/home/don/cobot_ws/install/Cobot_urdf_description/lib/python3.10/site-packages:${PYTHONPATH} /usr/bin/python3 -W ignore:setup.py install is deprecated setup.py develop --editable --build-directory /home/don/cobot_ws/build/Cobot_urdf_description/build --no-deps symlink_data
[1.408s] Level 1:colcon.colcon_core.shell:create_environment_hook('Cobot_urdf_description', 'pythonpath_develop')
[1.409s] INFO:colcon.colcon_core.shell:Creating environment hook '/home/don/cobot_ws/build/Cobot_urdf_description/share/Cobot_urdf_description/hook/pythonpath_develop.ps1'
[1.409s] DEBUG:colcon.colcon_core.event_handler.log_command:Invoked command in '/home/don/cobot_ws/build/Cobot_urdf_description' returned '0': PYTHONPATH=/home/don/cobot_ws/build/Cobot_urdf_description/prefix_override:/home/don/cobot_ws/install/Cobot_urdf_description/lib/python3.10/site-packages:${PYTHONPATH} /usr/bin/python3 -W ignore:setup.py install is deprecated setup.py develop --editable --build-directory /home/don/cobot_ws/build/Cobot_urdf_description/build --no-deps symlink_data
[1.410s] INFO:colcon.colcon_core.shell:Creating environment descriptor '/home/don/cobot_ws/build/Cobot_urdf_description/share/Cobot_urdf_description/hook/pythonpath_develop.dsv'
[1.410s] INFO:colcon.colcon_core.shell:Creating environment hook '/home/don/cobot_ws/build/Cobot_urdf_description/share/Cobot_urdf_description/hook/pythonpath_develop.sh'
[1.415s] Level 1:colcon.colcon_core.environment:checking '/home/don/cobot_ws/install/Cobot_urdf_description' for CMake module files
[1.415s] Level 1:colcon.colcon_core.environment:checking '/home/don/cobot_ws/install/Cobot_urdf_description' for CMake config files
[1.416s] Level 1:colcon.colcon_core.environment:checking '/home/don/cobot_ws/install/Cobot_urdf_description/lib'
[1.416s] Level 1:colcon.colcon_core.environment:checking '/home/don/cobot_ws/install/Cobot_urdf_description/bin'
[1.416s] Level 1:colcon.colcon_core.environment:checking '/home/don/cobot_ws/install/Cobot_urdf_description/lib/pkgconfig/Cobot_urdf_description.pc'
[1.416s] Level 1:colcon.colcon_core.environment:checking '/home/don/cobot_ws/install/Cobot_urdf_description/lib/python3.10/site-packages'
[1.416s] Level 1:colcon.colcon_core.shell:create_environment_hook('Cobot_urdf_description', 'pythonpath')
[1.416s] INFO:colcon.colcon_core.shell:Creating environment hook '/home/don/cobot_ws/install/Cobot_urdf_description/share/Cobot_urdf_description/hook/pythonpath.ps1'
[1.416s] INFO:colcon.colcon_core.shell:Creating environment descriptor '/home/don/cobot_ws/install/Cobot_urdf_description/share/Cobot_urdf_description/hook/pythonpath.dsv'
[1.417s] INFO:colcon.colcon_core.shell:Creating environment hook '/home/don/cobot_ws/install/Cobot_urdf_description/share/Cobot_urdf_description/hook/pythonpath.sh'
[1.417s] Level 1:colcon.colcon_core.environment:checking '/home/don/cobot_ws/install/Cobot_urdf_description/bin'
[1.417s] Level 1:colcon.colcon_core.environment:create_environment_scripts_only(Cobot_urdf_description)
[1.417s] INFO:colcon.colcon_core.shell:Creating package script '/home/don/cobot_ws/install/Cobot_urdf_description/share/Cobot_urdf_description/package.ps1'
[1.418s] INFO:colcon.colcon_core.shell:Creating package descriptor '/home/don/cobot_ws/install/Cobot_urdf_description/share/Cobot_urdf_description/package.dsv'
[1.418s] INFO:colcon.colcon_core.shell:Creating package script '/home/don/cobot_ws/install/Cobot_urdf_description/share/Cobot_urdf_description/package.sh'
[1.419s] INFO:colcon.colcon_core.shell:Creating package script '/home/don/cobot_ws/install/Cobot_urdf_description/share/Cobot_urdf_description/package.bash'
[1.420s] INFO:colcon.colcon_core.shell:Creating package script '/home/don/cobot_ws/install/Cobot_urdf_description/share/Cobot_urdf_description/package.zsh'
[1.420s] Level 1:colcon.colcon_core.environment:create_file_with_runtime_dependencies(/home/don/cobot_ws/install/Cobot_urdf_description/share/colcon-core/packages/Cobot_urdf_description)
[1.421s] INFO:colcon.colcon_ros.task.ament_cmake.build:Building ROS package in '/home/don/cobot_ws/src/cobot_moveit_config' with build type 'ament_cmake'
[1.421s] INFO:colcon.colcon_cmake.task.cmake.build:Building CMake package in '/home/don/cobot_ws/src/cobot_moveit_config'
[1.421s] INFO:colcon.colcon_core.shell:Skip shell extension 'powershell' for command environment: Not usable outside of PowerShell
[1.421s] DEBUG:colcon.colcon_core.shell:Skip shell extension 'dsv' for command environment
[1.429s] DEBUG:colcon.colcon_core.event_handler.log_command:Invoking command in '/home/don/cobot_ws/build/cobot_moveit_config': CMAKE_PREFIX_PATH=/home/don/cobot_ws/install/Cobot_urdf_description:/opt/ros/humble PYTHONPATH=/home/don/cobot_ws/build/Cobot_urdf_description:/home/don/cobot_ws/install/Cobot_urdf_description/lib/python3.10/site-packages:/home/don/cobot_ws/install/Cobot_urdf_description/lib/python3.8/site-packages:/opt/ros/humble/lib/python3.10/site-packages:/opt/ros/humble/local/lib/python3.10/dist-packages /usr/bin/cmake /home/don/cobot_ws/src/cobot_moveit_config -DAMENT_CMAKE_SYMLINK_INSTALL=1 -DCMAKE_INSTALL_PREFIX=/home/don/cobot_ws/install/cobot_moveit_config
[1.608s] DEBUG:colcon.colcon_core.event_handler.log_command:Invoked command in '/home/don/cobot_ws/build/cobot_moveit_config' returned '0': CMAKE_PREFIX_PATH=/home/don/cobot_ws/install/Cobot_urdf_description:/opt/ros/humble PYTHONPATH=/home/don/cobot_ws/build/Cobot_urdf_description:/home/don/cobot_ws/install/Cobot_urdf_description/lib/python3.10/site-packages:/home/don/cobot_ws/install/Cobot_urdf_description/lib/python3.8/site-packages:/opt/ros/humble/lib/python3.10/site-packages:/opt/ros/humble/local/lib/python3.10/dist-packages /usr/bin/cmake /home/don/cobot_ws/src/cobot_moveit_config -DAMENT_CMAKE_SYMLINK_INSTALL=1 -DCMAKE_INSTALL_PREFIX=/home/don/cobot_ws/install/cobot_moveit_config
[1.610s] DEBUG:colcon.colcon_core.event_handler.log_command:Invoking command in '/home/don/cobot_ws/build/cobot_moveit_config': CMAKE_PREFIX_PATH=/home/don/cobot_ws/install/Cobot_urdf_description:/opt/ros/humble PYTHONPATH=/home/don/cobot_ws/build/Cobot_urdf_description:/home/don/cobot_ws/install/Cobot_urdf_description/lib/python3.10/site-packages:/home/don/cobot_ws/install/Cobot_urdf_description/lib/python3.8/site-packages:/opt/ros/humble/lib/python3.10/site-packages:/opt/ros/humble/local/lib/python3.10/dist-packages /usr/bin/cmake --build /home/don/cobot_ws/build/cobot_moveit_config -- -j12 -l12
[1.644s] DEBUG:colcon.colcon_core.event_handler.log_command:Invoked command in '/home/don/cobot_ws/build/cobot_moveit_config' returned '0': CMAKE_PREFIX_PATH=/home/don/cobot_ws/install/Cobot_urdf_description:/opt/ros/humble PYTHONPATH=/home/don/cobot_ws/build/Cobot_urdf_description:/home/don/cobot_ws/install/Cobot_urdf_description/lib/python3.10/site-packages:/home/don/cobot_ws/install/Cobot_urdf_description/lib/python3.8/site-packages:/opt/ros/humble/lib/python3.10/site-packages:/opt/ros/humble/local/lib/python3.10/dist-packages /usr/bin/cmake --build /home/don/cobot_ws/build/cobot_moveit_config -- -j12 -l12
[1.671s] DEBUG:colcon.colcon_core.event_handler.log_command:Invoking command in '/home/don/cobot_ws/build/cobot_moveit_config': CMAKE_PREFIX_PATH=/home/don/cobot_ws/install/Cobot_urdf_description:/opt/ros/humble PYTHONPATH=/home/don/cobot_ws/build/Cobot_urdf_description:/home/don/cobot_ws/install/Cobot_urdf_description/lib/python3.10/site-packages:/home/don/cobot_ws/install/Cobot_urdf_description/lib/python3.8/site-packages:/opt/ros/humble/lib/python3.10/site-packages:/opt/ros/humble/local/lib/python3.10/dist-packages /usr/bin/cmake --install /home/don/cobot_ws/build/cobot_moveit_config
[1.939s] Level 1:colcon.colcon_core.environment:create_environment_scripts_only(cobot_moveit_config)
[1.939s] Level 1:colcon.colcon_core.environment:checking '/home/don/cobot_ws/install/cobot_moveit_config' for CMake module files
[1.940s] DEBUG:colcon.colcon_core.event_handler.log_command:Invoked command in '/home/don/cobot_ws/build/cobot_moveit_config' returned '0': CMAKE_PREFIX_PATH=/home/don/cobot_ws/install/Cobot_urdf_description:/opt/ros/humble PYTHONPATH=/home/don/cobot_ws/build/Cobot_urdf_description:/home/don/cobot_ws/install/Cobot_urdf_description/lib/python3.10/site-packages:/home/don/cobot_ws/install/Cobot_urdf_description/lib/python3.8/site-packages:/opt/ros/humble/lib/python3.10/site-packages:/opt/ros/humble/local/lib/python3.10/dist-packages /usr/bin/cmake --install /home/don/cobot_ws/build/cobot_moveit_config
[1.940s] Level 1:colcon.colcon_core.environment:checking '/home/don/cobot_ws/install/cobot_moveit_config' for CMake config files
[1.941s] Level 1:colcon.colcon_core.shell:create_environment_hook('cobot_moveit_config', 'cmake_prefix_path')
[1.941s] INFO:colcon.colcon_core.shell:Creating environment hook '/home/don/cobot_ws/install/cobot_moveit_config/share/cobot_moveit_config/hook/cmake_prefix_path.ps1'
[1.941s] INFO:colcon.colcon_core.shell:Creating environment descriptor '/home/don/cobot_ws/install/cobot_moveit_config/share/cobot_moveit_config/hook/cmake_prefix_path.dsv'
[1.941s] INFO:colcon.colcon_core.shell:Creating environment hook '/home/don/cobot_ws/install/cobot_moveit_config/share/cobot_moveit_config/hook/cmake_prefix_path.sh'
[1.942s] Level 1:colcon.colcon_core.environment:checking '/home/don/cobot_ws/install/cobot_moveit_config/bin'
[1.942s] Level 1:colcon.colcon_core.environment:checking '/home/don/cobot_ws/install/cobot_moveit_config/lib/pkgconfig/cobot_moveit_config.pc'
[1.942s] Level 1:colcon.colcon_core.environment:checking '/home/don/cobot_ws/install/cobot_moveit_config/lib/python3.10/site-packages'
[1.942s] Level 1:colcon.colcon_core.environment:checking '/home/don/cobot_ws/install/cobot_moveit_config/bin'
[1.942s] INFO:colcon.colcon_core.shell:Creating package script '/home/don/cobot_ws/install/cobot_moveit_config/share/cobot_moveit_config/package.ps1'
[1.943s] INFO:colcon.colcon_core.shell:Creating package descriptor '/home/don/cobot_ws/install/cobot_moveit_config/share/cobot_moveit_config/package.dsv'
[1.943s] INFO:colcon.colcon_core.shell:Creating package script '/home/don/cobot_ws/install/cobot_moveit_config/share/cobot_moveit_config/package.sh'
[1.943s] INFO:colcon.colcon_core.shell:Creating package script '/home/don/cobot_ws/install/cobot_moveit_config/share/cobot_moveit_config/package.bash'
[1.943s] INFO:colcon.colcon_core.shell:Creating package script '/home/don/cobot_ws/install/cobot_moveit_config/share/cobot_moveit_config/package.zsh'
[1.944s] Level 1:colcon.colcon_core.environment:create_file_with_runtime_dependencies(/home/don/cobot_ws/install/cobot_moveit_config/share/colcon-core/packages/cobot_moveit_config)
[1.963s] Level 1:colcon.colcon_core.environment:create_environment_scripts_only(cobot_moveit_config)
[1.963s] Level 1:colcon.colcon_core.environment:checking '/home/don/cobot_ws/install/cobot_moveit_config' for CMake module files
[1.963s] Level 1:colcon.colcon_core.environment:checking '/home/don/cobot_ws/install/cobot_moveit_config' for CMake config files
[1.964s] Level 1:colcon.colcon_core.shell:create_environment_hook('cobot_moveit_config', 'cmake_prefix_path')
[1.964s] INFO:colcon.colcon_core.shell:Creating environment hook '/home/don/cobot_ws/install/cobot_moveit_config/share/cobot_moveit_config/hook/cmake_prefix_path.ps1'
[1.964s] INFO:colcon.colcon_core.shell:Creating environment descriptor '/home/don/cobot_ws/install/cobot_moveit_config/share/cobot_moveit_config/hook/cmake_prefix_path.dsv'
[1.964s] INFO:colcon.colcon_core.shell:Creating environment hook '/home/don/cobot_ws/install/cobot_moveit_config/share/cobot_moveit_config/hook/cmake_prefix_path.sh'
[1.965s] Level 1:colcon.colcon_core.environment:checking '/home/don/cobot_ws/install/cobot_moveit_config/bin'
[1.965s] Level 1:colcon.colcon_core.environment:checking '/home/don/cobot_ws/install/cobot_moveit_config/lib/pkgconfig/cobot_moveit_config.pc'
[1.965s] Level 1:colcon.colcon_core.environment:checking '/home/don/cobot_ws/install/cobot_moveit_config/lib/python3.10/site-packages'
[1.965s] Level 1:colcon.colcon_core.environment:checking '/home/don/cobot_ws/install/cobot_moveit_config/bin'
[1.965s] INFO:colcon.colcon_core.shell:Creating package script '/home/don/cobot_ws/install/cobot_moveit_config/share/cobot_moveit_config/package.ps1'
[1.966s] INFO:colcon.colcon_core.shell:Creating package descriptor '/home/don/cobot_ws/install/cobot_moveit_config/share/cobot_moveit_config/package.dsv'
[1.966s] INFO:colcon.colcon_core.shell:Creating package script '/home/don/cobot_ws/install/cobot_moveit_config/share/cobot_moveit_config/package.sh'
[1.966s] INFO:colcon.colcon_core.shell:Creating package script '/home/don/cobot_ws/install/cobot_moveit_config/share/cobot_moveit_config/package.bash'
[1.967s] INFO:colcon.colcon_core.shell:Creating package script '/home/don/cobot_ws/install/cobot_moveit_config/share/cobot_moveit_config/package.zsh'
[1.967s] Level 1:colcon.colcon_core.environment:create_file_with_runtime_dependencies(/home/don/cobot_ws/install/cobot_moveit_config/share/colcon-core/packages/cobot_moveit_config)
[1.967s] DEBUG:colcon.colcon_parallel_executor.executor.parallel:closing loop
[1.967s] DEBUG:colcon.colcon_parallel_executor.executor.parallel:loop closed
[1.967s] DEBUG:colcon.colcon_parallel_executor.executor.parallel:run_until_complete finished with '0'
[1.967s] DEBUG:colcon.colcon_core.event_reactor:joining thread
[1.974s] INFO:colcon.colcon_core.plugin_system:Skipping extension 'colcon_notification.desktop_notification.terminal_notifier': Not used on non-Darwin systems
[1.974s] INFO:colcon.colcon_core.plugin_system:Skipping extension 'colcon_notification.desktop_notification.win32': Not used on non-Windows systems
[1.974s] INFO:colcon.colcon_notification.desktop_notification:Sending desktop notification using 'notify2'
[1.983s] DEBUG:colcon.colcon_core.event_reactor:joined thread
[1.983s] INFO:colcon.colcon_core.shell:Creating prefix script '/home/don/cobot_ws/install/local_setup.ps1'
[1.984s] INFO:colcon.colcon_core.shell:Creating prefix util module '/home/don/cobot_ws/install/_local_setup_util_ps1.py'
[1.985s] INFO:colcon.colcon_core.shell:Creating prefix chain script '/home/don/cobot_ws/install/setup.ps1'
[1.986s] INFO:colcon.colcon_core.shell:Creating prefix script '/home/don/cobot_ws/install/local_setup.sh'
[1.986s] INFO:colcon.colcon_core.shell:Creating prefix util module '/home/don/cobot_ws/install/_local_setup_util_sh.py'
[1.987s] INFO:colcon.colcon_core.shell:Creating prefix chain script '/home/don/cobot_ws/install/setup.sh'
[1.987s] INFO:colcon.colcon_core.shell:Creating prefix script '/home/don/cobot_ws/install/local_setup.bash'
[1.988s] INFO:colcon.colcon_core.shell:Creating prefix chain script '/home/don/cobot_ws/install/setup.bash'
[1.988s] INFO:colcon.colcon_core.shell:Creating prefix script '/home/don/cobot_ws/install/local_setup.zsh'
[1.989s] INFO:colcon.colcon_core.shell:Creating prefix chain script '/home/don/cobot_ws/install/setup.zsh'
