[0.678s] Invoking command in '/home/don/cobot_ws/build/Cobot_urdf_description': PYTHONPATH=/home/don/cobot_ws/build/Cobot_urdf_description/prefix_override:/home/don/cobot_ws/install/Cobot_urdf_description/lib/python3.10/site-packages:${PYTHONPATH} /usr/bin/python3 -W ignore:setup.py install is deprecated setup.py develop --editable --build-directory /home/don/cobot_ws/build/Cobot_urdf_description/build --no-deps symlink_data
[0.888s] /usr/lib/python3/dist-packages/setuptools/dist.py:723: UserWarning: Usage of dash-separated 'script-dir' will not be supported in future versions. Please use the underscore name 'script_dir' instead
[0.888s]   warnings.warn(
[0.932s] running develop
[0.933s] /usr/lib/python3/dist-packages/setuptools/command/easy_install.py:158: EasyInstallDeprecationWarning: easy_install command is deprecated. Use build and pip and other standards-based tools.
[0.933s]   warnings.warn(
[1.113s] running egg_info
[1.113s] creating Cobot_urdf_description.egg-info
[1.113s] writing Cobot_urdf_description.egg-info/PKG-INFO
[1.113s] writing dependency_links to Cobot_urdf_description.egg-info/dependency_links.txt
[1.113s] writing entry points to Cobot_urdf_description.egg-info/entry_points.txt
[1.113s] writing requirements to Cobot_urdf_description.egg-info/requires.txt
[1.113s] writing top-level names to Cobot_urdf_description.egg-info/top_level.txt
[1.114s] writing manifest file 'Cobot_urdf_description.egg-info/SOURCES.txt'
[1.115s] reading manifest file 'Cobot_urdf_description.egg-info/SOURCES.txt'
[1.116s] writing manifest file 'Cobot_urdf_description.egg-info/SOURCES.txt'
[1.117s] running build_ext
[1.117s] Creating /home/don/cobot_ws/install/Cobot_urdf_description/lib/python3.10/site-packages/Cobot-urdf-description.egg-link (link to .)
[1.118s] Installing test_node script to /home/don/cobot_ws/install/Cobot_urdf_description/lib/Cobot_urdf_description
[1.118s] 
[1.118s] Installed /home/don/cobot_ws/build/Cobot_urdf_description
[1.118s] running symlink_data
[1.118s] creating /home/don/cobot_ws/install/Cobot_urdf_description/share/ament_index
[1.118s] creating /home/don/cobot_ws/install/Cobot_urdf_description/share/ament_index/resource_index
[1.118s] creating /home/don/cobot_ws/install/Cobot_urdf_description/share/ament_index/resource_index/packages
[1.118s] symbolically linking /home/don/cobot_ws/build/Cobot_urdf_description/resource/Cobot_urdf_description -> /home/don/cobot_ws/install/Cobot_urdf_description/share/ament_index/resource_index/packages
[1.118s] symbolically linking /home/don/cobot_ws/build/Cobot_urdf_description/package.xml -> /home/don/cobot_ws/install/Cobot_urdf_description/share/Cobot_urdf_description
[1.118s] creating /home/don/cobot_ws/install/Cobot_urdf_description/share/Cobot_urdf_description/launch
[1.118s] symbolically linking /home/don/cobot_ws/build/Cobot_urdf_description/launch/display.launch.py -> /home/don/cobot_ws/install/Cobot_urdf_description/share/Cobot_urdf_description/launch
[1.118s] symbolically linking /home/don/cobot_ws/build/Cobot_urdf_description/launch/gazebo.launch.py -> /home/don/cobot_ws/install/Cobot_urdf_description/share/Cobot_urdf_description/launch
[1.119s] creating /home/don/cobot_ws/install/Cobot_urdf_description/share/Cobot_urdf_description/urdf
[1.119s] symbolically linking /home/don/cobot_ws/build/Cobot_urdf_description/urdf/materials.xacro -> /home/don/cobot_ws/install/Cobot_urdf_description/share/Cobot_urdf_description/urdf
[1.119s] symbolically linking /home/don/cobot_ws/build/Cobot_urdf_description/urdf/Cobot_urdf.trans -> /home/don/cobot_ws/install/Cobot_urdf_description/share/Cobot_urdf_description/urdf
[1.119s] symbolically linking /home/don/cobot_ws/build/Cobot_urdf_description/urdf/Cobot_urdf.xacro -> /home/don/cobot_ws/install/Cobot_urdf_description/share/Cobot_urdf_description/urdf
[1.119s] symbolically linking /home/don/cobot_ws/build/Cobot_urdf_description/urdf/Cobot_urdf.gazebo -> /home/don/cobot_ws/install/Cobot_urdf_description/share/Cobot_urdf_description/urdf
[1.119s] creating /home/don/cobot_ws/install/Cobot_urdf_description/share/Cobot_urdf_description/meshes
[1.119s] symbolically linking /home/don/cobot_ws/build/Cobot_urdf_description/meshes/wrist_stepper_motor_1.stl -> /home/don/cobot_ws/install/Cobot_urdf_description/share/Cobot_urdf_description/meshes
[1.119s] symbolically linking /home/don/cobot_ws/build/Cobot_urdf_description/meshes/shoulder_stepper_motor_1 (1).stl -> /home/don/cobot_ws/install/Cobot_urdf_description/share/Cobot_urdf_description/meshes
[1.119s] symbolically linking /home/don/cobot_ws/build/Cobot_urdf_description/meshes/shoulder_spur_gear100_1.stl -> /home/don/cobot_ws/install/Cobot_urdf_description/share/Cobot_urdf_description/meshes
[1.119s] symbolically linking /home/don/cobot_ws/build/Cobot_urdf_description/meshes/wrist_spur_gear_25_1 (1).stl -> /home/don/cobot_ws/install/Cobot_urdf_description/share/Cobot_urdf_description/meshes
[1.119s] symbolically linking /home/don/cobot_ws/build/Cobot_urdf_description/meshes/wrist_spur_gear_100_1.stl -> /home/don/cobot_ws/install/Cobot_urdf_description/share/Cobot_urdf_description/meshes
[1.119s] symbolically linking /home/don/cobot_ws/build/Cobot_urdf_description/meshes/wrist_spur_gear_25_1.stl -> /home/don/cobot_ws/install/Cobot_urdf_description/share/Cobot_urdf_description/meshes
[1.119s] symbolically linking /home/don/cobot_ws/build/Cobot_urdf_description/meshes/pivot_1 (1).stl -> /home/don/cobot_ws/install/Cobot_urdf_description/share/Cobot_urdf_description/meshes
[1.119s] symbolically linking /home/don/cobot_ws/build/Cobot_urdf_description/meshes/shoulder_stepper_motor_1.stl -> /home/don/cobot_ws/install/Cobot_urdf_description/share/Cobot_urdf_description/meshes
[1.119s] symbolically linking /home/don/cobot_ws/build/Cobot_urdf_description/meshes/shoulder_1.stl -> /home/don/cobot_ws/install/Cobot_urdf_description/share/Cobot_urdf_description/meshes
[1.120s] symbolically linking /home/don/cobot_ws/build/Cobot_urdf_description/meshes/wrist_connector_1 (1).stl -> /home/don/cobot_ws/install/Cobot_urdf_description/share/Cobot_urdf_description/meshes
[1.120s] symbolically linking /home/don/cobot_ws/build/Cobot_urdf_description/meshes/pivot_1.stl -> /home/don/cobot_ws/install/Cobot_urdf_description/share/Cobot_urdf_description/meshes
[1.120s] symbolically linking /home/don/cobot_ws/build/Cobot_urdf_description/meshes/shoulder_1 (1).stl -> /home/don/cobot_ws/install/Cobot_urdf_description/share/Cobot_urdf_description/meshes
[1.120s] symbolically linking /home/don/cobot_ws/build/Cobot_urdf_description/meshes/wrist_1.stl -> /home/don/cobot_ws/install/Cobot_urdf_description/share/Cobot_urdf_description/meshes
[1.120s] symbolically linking /home/don/cobot_ws/build/Cobot_urdf_description/meshes/shoulder_spur_gear100_1 (1).stl -> /home/don/cobot_ws/install/Cobot_urdf_description/share/Cobot_urdf_description/meshes
[1.120s] symbolically linking /home/don/cobot_ws/build/Cobot_urdf_description/meshes/arm_connector_1 (1).stl -> /home/don/cobot_ws/install/Cobot_urdf_description/share/Cobot_urdf_description/meshes
[1.120s] symbolically linking /home/don/cobot_ws/build/Cobot_urdf_description/meshes/base_link.stl -> /home/don/cobot_ws/install/Cobot_urdf_description/share/Cobot_urdf_description/meshes
[1.120s] symbolically linking /home/don/cobot_ws/build/Cobot_urdf_description/meshes/shoulder_connector_1.stl -> /home/don/cobot_ws/install/Cobot_urdf_description/share/Cobot_urdf_description/meshes
[1.120s] symbolically linking /home/don/cobot_ws/build/Cobot_urdf_description/meshes/arm_connector_1.stl -> /home/don/cobot_ws/install/Cobot_urdf_description/share/Cobot_urdf_description/meshes
[1.120s] symbolically linking /home/don/cobot_ws/build/Cobot_urdf_description/meshes/wrist_connector_1.stl -> /home/don/cobot_ws/install/Cobot_urdf_description/share/Cobot_urdf_description/meshes
[1.120s] symbolically linking /home/don/cobot_ws/build/Cobot_urdf_description/meshes/shoulder_connector_1 (1).stl -> /home/don/cobot_ws/install/Cobot_urdf_description/share/Cobot_urdf_description/meshes
[1.120s] symbolically linking /home/don/cobot_ws/build/Cobot_urdf_description/meshes/shoulder_spur_gear25_1 (1).stl -> /home/don/cobot_ws/install/Cobot_urdf_description/share/Cobot_urdf_description/meshes
[1.120s] symbolically linking /home/don/cobot_ws/build/Cobot_urdf_description/meshes/shoulder_spur_gear25_1.stl -> /home/don/cobot_ws/install/Cobot_urdf_description/share/Cobot_urdf_description/meshes
[1.120s] symbolically linking /home/don/cobot_ws/build/Cobot_urdf_description/meshes/wrist_spur_gear_100_1 (1).stl -> /home/don/cobot_ws/install/Cobot_urdf_description/share/Cobot_urdf_description/meshes
[1.120s] symbolically linking /home/don/cobot_ws/build/Cobot_urdf_description/meshes/wrist_stepper_motor_1 (1).stl -> /home/don/cobot_ws/install/Cobot_urdf_description/share/Cobot_urdf_description/meshes
[1.120s] symbolically linking /home/don/cobot_ws/build/Cobot_urdf_description/meshes/gripper_1.stl -> /home/don/cobot_ws/install/Cobot_urdf_description/share/Cobot_urdf_description/meshes
[1.120s] creating /home/don/cobot_ws/install/Cobot_urdf_description/share/Cobot_urdf_description/config
[1.121s] symbolically linking /home/don/cobot_ws/build/Cobot_urdf_description/config/display.rviz -> /home/don/cobot_ws/install/Cobot_urdf_description/share/Cobot_urdf_description/config
[1.121s] symbolically linking /home/don/cobot_ws/build/Cobot_urdf_description/config/cobot_controller.yaml -> /home/don/cobot_ws/install/Cobot_urdf_description/share/Cobot_urdf_description/config
