[0.130s] DEBUG:colcon:Command line arguments: ['/usr/bin/colcon', 'build', '--symlink-install']
[0.130s] DEBUG:colcon:Parsed command line arguments: Namespace(log_base=None, log_level=None, verb_name='build', build_base='build', install_base='install', merge_install=False, symlink_install=True, test_result_base=None, continue_on_error=False, executor='parallel', parallel_workers=12, event_handlers=None, ignore_user_meta=False, metas=['./colcon.meta'], base_paths=['.'], packages_ignore=None, packages_ignore_regex=None, paths=None, packages_up_to=None, packages_up_to_regex=None, packages_above=None, packages_above_and_dependencies=None, packages_above_depth=None, packages_select_by_dep=None, packages_skip_by_dep=None, packages_skip_up_to=None, packages_select_build_failed=False, packages_skip_build_finished=False, packages_select_test_failures=False, packages_skip_test_passed=False, packages_select=None, packages_skip=None, packages_select_regex=None, packages_skip_regex=None, packages_start=None, packages_end=None, allow_overriding=[], cmake_args=None, cmake_target=None, cmake_target_skip_unavailable=False, cmake_clean_cache=False, cmake_clean_first=False, cmake_force_configure=False, ament_cmake_args=None, catkin_cmake_args=None, catkin_skip_building_tests=False, mixin_files=None, mixin=None, verb_parser=<colcon_mixin.mixin.mixin_argument.MixinArgumentDecorator object at 0x7ca695e76920>, verb_extension=<colcon_core.verb.build.BuildVerb object at 0x7ca6965a6bf0>, main=<bound method BuildVerb.main of <colcon_core.verb.build.BuildVerb object at 0x7ca6965a6bf0>>, mixin_verb=('build',))
[0.298s] Level 1:colcon.colcon_core.package_discovery:discover_packages(colcon_meta) check parameters
[0.298s] Level 1:colcon.colcon_core.package_discovery:discover_packages(recursive) check parameters
[0.298s] Level 1:colcon.colcon_core.package_discovery:discover_packages(ignore) check parameters
[0.298s] Level 1:colcon.colcon_core.package_discovery:discover_packages(path) check parameters
[0.298s] Level 1:colcon.colcon_core.package_discovery:discover_packages(colcon_meta) discover
[0.298s] Level 1:colcon.colcon_core.package_discovery:discover_packages(recursive) discover
[0.298s] INFO:colcon.colcon_core.package_discovery:Crawling recursively for packages in '/home/don/cobot_ws'
[0.298s] Level 1:colcon.colcon_core.package_identification:_identify(.) by extensions ['ignore', 'ignore_ament_install']
[0.298s] Level 1:colcon.colcon_core.package_identification:_identify(.) by extension 'ignore'
[0.298s] Level 1:colcon.colcon_core.package_identification:_identify(.) by extension 'ignore_ament_install'
[0.298s] Level 1:colcon.colcon_core.package_identification:_identify(.) by extensions ['colcon_pkg']
[0.298s] Level 1:colcon.colcon_core.package_identification:_identify(.) by extension 'colcon_pkg'
[0.298s] Level 1:colcon.colcon_core.package_identification:_identify(.) by extensions ['colcon_meta']
[0.298s] Level 1:colcon.colcon_core.package_identification:_identify(.) by extension 'colcon_meta'
[0.298s] Level 1:colcon.colcon_core.package_identification:_identify(.) by extensions ['ros']
[0.298s] Level 1:colcon.colcon_core.package_identification:_identify(.) by extension 'ros'
[0.317s] Level 1:colcon.colcon_core.package_identification:_identify(.) by extensions ['cmake', 'python']
[0.317s] Level 1:colcon.colcon_core.package_identification:_identify(.) by extension 'cmake'
[0.317s] Level 1:colcon.colcon_core.package_identification:_identify(.) by extension 'python'
[0.317s] Level 1:colcon.colcon_core.package_identification:_identify(.) by extensions ['python_setup_py']
[0.318s] Level 1:colcon.colcon_core.package_identification:_identify(.) by extension 'python_setup_py'
[0.318s] Level 1:colcon.colcon_core.package_identification:_identify(build) by extensions ['ignore', 'ignore_ament_install']
[0.318s] Level 1:colcon.colcon_core.package_identification:_identify(build) by extension 'ignore'
[0.318s] Level 1:colcon.colcon_core.package_identification:_identify(build) ignored
[0.318s] Level 1:colcon.colcon_core.package_identification:_identify(install) by extensions ['ignore', 'ignore_ament_install']
[0.318s] Level 1:colcon.colcon_core.package_identification:_identify(install) by extension 'ignore'
[0.318s] Level 1:colcon.colcon_core.package_identification:_identify(install) ignored
[0.318s] Level 1:colcon.colcon_core.package_identification:_identify(log) by extensions ['ignore', 'ignore_ament_install']
[0.318s] Level 1:colcon.colcon_core.package_identification:_identify(log) by extension 'ignore'
[0.318s] Level 1:colcon.colcon_core.package_identification:_identify(log) ignored
[0.318s] Level 1:colcon.colcon_core.package_identification:_identify(src) by extensions ['ignore', 'ignore_ament_install']
[0.318s] Level 1:colcon.colcon_core.package_identification:_identify(src) by extension 'ignore'
[0.318s] Level 1:colcon.colcon_core.package_identification:_identify(src) by extension 'ignore_ament_install'
[0.318s] Level 1:colcon.colcon_core.package_identification:_identify(src) by extensions ['colcon_pkg']
[0.318s] Level 1:colcon.colcon_core.package_identification:_identify(src) by extension 'colcon_pkg'
[0.318s] Level 1:colcon.colcon_core.package_identification:_identify(src) by extensions ['colcon_meta']
[0.318s] Level 1:colcon.colcon_core.package_identification:_identify(src) by extension 'colcon_meta'
[0.319s] Level 1:colcon.colcon_core.package_identification:_identify(src) by extensions ['ros']
[0.319s] Level 1:colcon.colcon_core.package_identification:_identify(src) by extension 'ros'
[0.319s] Level 1:colcon.colcon_core.package_identification:_identify(src) by extensions ['cmake', 'python']
[0.319s] Level 1:colcon.colcon_core.package_identification:_identify(src) by extension 'cmake'
[0.319s] Level 1:colcon.colcon_core.package_identification:_identify(src) by extension 'python'
[0.319s] Level 1:colcon.colcon_core.package_identification:_identify(src) by extensions ['python_setup_py']
[0.319s] Level 1:colcon.colcon_core.package_identification:_identify(src) by extension 'python_setup_py'
[0.319s] Level 1:colcon.colcon_core.package_identification:_identify(src/cobot) by extensions ['ignore', 'ignore_ament_install']
[0.319s] Level 1:colcon.colcon_core.package_identification:_identify(src/cobot) by extension 'ignore'
[0.319s] Level 1:colcon.colcon_core.package_identification:_identify(src/cobot) by extension 'ignore_ament_install'
[0.319s] Level 1:colcon.colcon_core.package_identification:_identify(src/cobot) by extensions ['colcon_pkg']
[0.319s] Level 1:colcon.colcon_core.package_identification:_identify(src/cobot) by extension 'colcon_pkg'
[0.319s] Level 1:colcon.colcon_core.package_identification:_identify(src/cobot) by extensions ['colcon_meta']
[0.319s] Level 1:colcon.colcon_core.package_identification:_identify(src/cobot) by extension 'colcon_meta'
[0.319s] Level 1:colcon.colcon_core.package_identification:_identify(src/cobot) by extensions ['ros']
[0.319s] Level 1:colcon.colcon_core.package_identification:_identify(src/cobot) by extension 'ros'
[0.322s] DEBUG:colcon.colcon_core.package_identification:Package 'src/cobot' with type 'ros.ament_python' and name 'Cobot_urdf_description'
[0.322s] Level 1:colcon.colcon_core.package_identification:_identify(src/cobot_moveit_config) by extensions ['ignore', 'ignore_ament_install']
[0.322s] Level 1:colcon.colcon_core.package_identification:_identify(src/cobot_moveit_config) by extension 'ignore'
[0.322s] Level 1:colcon.colcon_core.package_identification:_identify(src/cobot_moveit_config) by extension 'ignore_ament_install'
[0.322s] Level 1:colcon.colcon_core.package_identification:_identify(src/cobot_moveit_config) by extensions ['colcon_pkg']
[0.322s] Level 1:colcon.colcon_core.package_identification:_identify(src/cobot_moveit_config) by extension 'colcon_pkg'
[0.322s] Level 1:colcon.colcon_core.package_identification:_identify(src/cobot_moveit_config) by extensions ['colcon_meta']
[0.322s] Level 1:colcon.colcon_core.package_identification:_identify(src/cobot_moveit_config) by extension 'colcon_meta'
[0.322s] Level 1:colcon.colcon_core.package_identification:_identify(src/cobot_moveit_config) by extensions ['ros']
[0.322s] Level 1:colcon.colcon_core.package_identification:_identify(src/cobot_moveit_config) by extension 'ros'
[0.323s] DEBUG:colcon.colcon_core.package_identification:Package 'src/cobot_moveit_config' with type 'ros.ament_cmake' and name 'cobot_moveit_config'
[0.323s] Level 1:colcon.colcon_core.package_discovery:discover_packages(recursive) using defaults
[0.323s] Level 1:colcon.colcon_core.package_discovery:discover_packages(ignore) discover
[0.323s] Level 1:colcon.colcon_core.package_discovery:discover_packages(ignore) using defaults
[0.323s] Level 1:colcon.colcon_core.package_discovery:discover_packages(path) discover
[0.323s] Level 1:colcon.colcon_core.package_discovery:discover_packages(path) using defaults
[0.339s] Level 1:colcon.colcon_core.package_discovery:discover_packages(prefix_path) check parameters
[0.340s] Level 1:colcon.colcon_core.package_discovery:discover_packages(prefix_path) discover
[0.342s] DEBUG:colcon.colcon_installed_package_information.package_discovery:Found 2 installed packages in /home/don/cobot_ws/install
[0.343s] DEBUG:colcon.colcon_installed_package_information.package_discovery:Found 369 installed packages in /opt/ros/humble
[0.345s] Level 1:colcon.colcon_core.package_discovery:discover_packages(prefix_path) using defaults
[0.382s] Level 5:colcon.colcon_core.verb:set package 'Cobot_urdf_description' build argument 'cmake_args' from command line to 'None'
[0.382s] Level 5:colcon.colcon_core.verb:set package 'Cobot_urdf_description' build argument 'cmake_target' from command line to 'None'
[0.382s] Level 5:colcon.colcon_core.verb:set package 'Cobot_urdf_description' build argument 'cmake_target_skip_unavailable' from command line to 'False'
[0.382s] Level 5:colcon.colcon_core.verb:set package 'Cobot_urdf_description' build argument 'cmake_clean_cache' from command line to 'False'
[0.382s] Level 5:colcon.colcon_core.verb:set package 'Cobot_urdf_description' build argument 'cmake_clean_first' from command line to 'False'
[0.382s] Level 5:colcon.colcon_core.verb:set package 'Cobot_urdf_description' build argument 'cmake_force_configure' from command line to 'False'
[0.382s] Level 5:colcon.colcon_core.verb:set package 'Cobot_urdf_description' build argument 'ament_cmake_args' from command line to 'None'
[0.382s] Level 5:colcon.colcon_core.verb:set package 'Cobot_urdf_description' build argument 'catkin_cmake_args' from command line to 'None'
[0.382s] Level 5:colcon.colcon_core.verb:set package 'Cobot_urdf_description' build argument 'catkin_skip_building_tests' from command line to 'False'
[0.382s] DEBUG:colcon.colcon_core.verb:Building package 'Cobot_urdf_description' with the following arguments: {'ament_cmake_args': None, 'build_base': '/home/don/cobot_ws/build/Cobot_urdf_description', 'catkin_cmake_args': None, 'catkin_skip_building_tests': False, 'cmake_args': None, 'cmake_clean_cache': False, 'cmake_clean_first': False, 'cmake_force_configure': False, 'cmake_target': None, 'cmake_target_skip_unavailable': False, 'install_base': '/home/don/cobot_ws/install/Cobot_urdf_description', 'merge_install': False, 'path': '/home/don/cobot_ws/src/cobot', 'symlink_install': True, 'test_result_base': None}
[0.382s] Level 5:colcon.colcon_core.verb:set package 'cobot_moveit_config' build argument 'cmake_args' from command line to 'None'
[0.382s] Level 5:colcon.colcon_core.verb:set package 'cobot_moveit_config' build argument 'cmake_target' from command line to 'None'
[0.382s] Level 5:colcon.colcon_core.verb:set package 'cobot_moveit_config' build argument 'cmake_target_skip_unavailable' from command line to 'False'
[0.382s] Level 5:colcon.colcon_core.verb:set package 'cobot_moveit_config' build argument 'cmake_clean_cache' from command line to 'False'
[0.382s] Level 5:colcon.colcon_core.verb:set package 'cobot_moveit_config' build argument 'cmake_clean_first' from command line to 'False'
[0.382s] Level 5:colcon.colcon_core.verb:set package 'cobot_moveit_config' build argument 'cmake_force_configure' from command line to 'False'
[0.382s] Level 5:colcon.colcon_core.verb:set package 'cobot_moveit_config' build argument 'ament_cmake_args' from command line to 'None'
[0.382s] Level 5:colcon.colcon_core.verb:set package 'cobot_moveit_config' build argument 'catkin_cmake_args' from command line to 'None'
[0.382s] Level 5:colcon.colcon_core.verb:set package 'cobot_moveit_config' build argument 'catkin_skip_building_tests' from command line to 'False'
[0.382s] DEBUG:colcon.colcon_core.verb:Building package 'cobot_moveit_config' with the following arguments: {'ament_cmake_args': None, 'build_base': '/home/don/cobot_ws/build/cobot_moveit_config', 'catkin_cmake_args': None, 'catkin_skip_building_tests': False, 'cmake_args': None, 'cmake_clean_cache': False, 'cmake_clean_first': False, 'cmake_force_configure': False, 'cmake_target': None, 'cmake_target_skip_unavailable': False, 'install_base': '/home/don/cobot_ws/install/cobot_moveit_config', 'merge_install': False, 'path': '/home/don/cobot_ws/src/cobot_moveit_config', 'symlink_install': True, 'test_result_base': None}
[0.383s] INFO:colcon.colcon_core.executor:Executing jobs using 'parallel' executor
[0.383s] DEBUG:colcon.colcon_parallel_executor.executor.parallel:run_until_complete
[0.384s] INFO:colcon.colcon_ros.task.ament_python.build:Building ROS package in '/home/don/cobot_ws/src/cobot' with build type 'ament_python'
[0.384s] Level 1:colcon.colcon_core.shell:create_environment_hook('Cobot_urdf_description', 'ament_prefix_path')
[0.387s] INFO:colcon.colcon_core.plugin_system:Skipping extension 'colcon_core.shell.bat': Not used on non-Windows systems
[0.387s] INFO:colcon.colcon_core.shell:Creating environment hook '/home/don/cobot_ws/install/Cobot_urdf_description/share/Cobot_urdf_description/hook/ament_prefix_path.ps1'
[0.388s] INFO:colcon.colcon_core.shell:Creating environment descriptor '/home/don/cobot_ws/install/Cobot_urdf_description/share/Cobot_urdf_description/hook/ament_prefix_path.dsv'
[0.388s] INFO:colcon.colcon_core.shell:Creating environment hook '/home/don/cobot_ws/install/Cobot_urdf_description/share/Cobot_urdf_description/hook/ament_prefix_path.sh'
[0.389s] INFO:colcon.colcon_core.shell:Skip shell extension 'powershell' for command environment: Not usable outside of PowerShell
[0.389s] DEBUG:colcon.colcon_core.shell:Skip shell extension 'dsv' for command environment
[0.630s] INFO:colcon.colcon_core.task.python.build:Building Python package in '/home/don/cobot_ws/src/cobot'
[0.630s] INFO:colcon.colcon_core.shell:Skip shell extension 'powershell' for command environment: Not usable outside of PowerShell
[0.630s] DEBUG:colcon.colcon_core.shell:Skip shell extension 'dsv' for command environment
[0.949s] DEBUG:colcon.colcon_core.event_handler.log_command:Invoking command in '/home/don/cobot_ws/build/Cobot_urdf_description': PYTHONPATH=/home/don/cobot_ws/build/Cobot_urdf_description/prefix_override:/home/don/cobot_ws/install/Cobot_urdf_description/lib/python3.10/site-packages:${PYTHONPATH} /usr/bin/python3 -W ignore:setup.py install is deprecated setup.py develop --editable --build-directory /home/don/cobot_ws/build/Cobot_urdf_description/build --no-deps symlink_data
[1.406s] Level 1:colcon.colcon_core.shell:create_environment_hook('Cobot_urdf_description', 'pythonpath_develop')
[1.406s] INFO:colcon.colcon_core.shell:Creating environment hook '/home/don/cobot_ws/build/Cobot_urdf_description/share/Cobot_urdf_description/hook/pythonpath_develop.ps1'
[1.407s] DEBUG:colcon.colcon_core.event_handler.log_command:Invoked command in '/home/don/cobot_ws/build/Cobot_urdf_description' returned '0': PYTHONPATH=/home/don/cobot_ws/build/Cobot_urdf_description/prefix_override:/home/don/cobot_ws/install/Cobot_urdf_description/lib/python3.10/site-packages:${PYTHONPATH} /usr/bin/python3 -W ignore:setup.py install is deprecated setup.py develop --editable --build-directory /home/don/cobot_ws/build/Cobot_urdf_description/build --no-deps symlink_data
[1.407s] INFO:colcon.colcon_core.shell:Creating environment descriptor '/home/don/cobot_ws/build/Cobot_urdf_description/share/Cobot_urdf_description/hook/pythonpath_develop.dsv'
[1.407s] INFO:colcon.colcon_core.shell:Creating environment hook '/home/don/cobot_ws/build/Cobot_urdf_description/share/Cobot_urdf_description/hook/pythonpath_develop.sh'
[1.411s] Level 1:colcon.colcon_core.environment:checking '/home/don/cobot_ws/install/Cobot_urdf_description' for CMake module files
[1.411s] Level 1:colcon.colcon_core.environment:checking '/home/don/cobot_ws/install/Cobot_urdf_description' for CMake config files
[1.412s] Level 1:colcon.colcon_core.environment:checking '/home/don/cobot_ws/install/Cobot_urdf_description/lib'
[1.412s] Level 1:colcon.colcon_core.environment:checking '/home/don/cobot_ws/install/Cobot_urdf_description/bin'
[1.412s] Level 1:colcon.colcon_core.environment:checking '/home/don/cobot_ws/install/Cobot_urdf_description/lib/pkgconfig/Cobot_urdf_description.pc'
[1.413s] Level 1:colcon.colcon_core.environment:checking '/home/don/cobot_ws/install/Cobot_urdf_description/lib/python3.10/site-packages'
[1.413s] Level 1:colcon.colcon_core.shell:create_environment_hook('Cobot_urdf_description', 'pythonpath')
[1.413s] INFO:colcon.colcon_core.shell:Creating environment hook '/home/don/cobot_ws/install/Cobot_urdf_description/share/Cobot_urdf_description/hook/pythonpath.ps1'
[1.413s] INFO:colcon.colcon_core.shell:Creating environment descriptor '/home/don/cobot_ws/install/Cobot_urdf_description/share/Cobot_urdf_description/hook/pythonpath.dsv'
[1.414s] INFO:colcon.colcon_core.shell:Creating environment hook '/home/don/cobot_ws/install/Cobot_urdf_description/share/Cobot_urdf_description/hook/pythonpath.sh'
[1.414s] Level 1:colcon.colcon_core.environment:checking '/home/don/cobot_ws/install/Cobot_urdf_description/bin'
[1.414s] Level 1:colcon.colcon_core.environment:create_environment_scripts_only(Cobot_urdf_description)
[1.415s] INFO:colcon.colcon_core.shell:Creating package script '/home/don/cobot_ws/install/Cobot_urdf_description/share/Cobot_urdf_description/package.ps1'
[1.415s] INFO:colcon.colcon_core.shell:Creating package descriptor '/home/don/cobot_ws/install/Cobot_urdf_description/share/Cobot_urdf_description/package.dsv'
[1.416s] INFO:colcon.colcon_core.shell:Creating package script '/home/don/cobot_ws/install/Cobot_urdf_description/share/Cobot_urdf_description/package.sh'
[1.416s] INFO:colcon.colcon_core.shell:Creating package script '/home/don/cobot_ws/install/Cobot_urdf_description/share/Cobot_urdf_description/package.bash'
[1.417s] INFO:colcon.colcon_core.shell:Creating package script '/home/don/cobot_ws/install/Cobot_urdf_description/share/Cobot_urdf_description/package.zsh'
[1.417s] Level 1:colcon.colcon_core.environment:create_file_with_runtime_dependencies(/home/don/cobot_ws/install/Cobot_urdf_description/share/colcon-core/packages/Cobot_urdf_description)
[1.417s] INFO:colcon.colcon_ros.task.ament_cmake.build:Building ROS package in '/home/don/cobot_ws/src/cobot_moveit_config' with build type 'ament_cmake'
[1.418s] INFO:colcon.colcon_cmake.task.cmake.build:Building CMake package in '/home/don/cobot_ws/src/cobot_moveit_config'
[1.418s] INFO:colcon.colcon_core.shell:Skip shell extension 'powershell' for command environment: Not usable outside of PowerShell
[1.418s] DEBUG:colcon.colcon_core.shell:Skip shell extension 'dsv' for command environment
[1.426s] DEBUG:colcon.colcon_core.event_handler.log_command:Invoking command in '/home/don/cobot_ws/build/cobot_moveit_config': AMENT_PREFIX_PATH=/home/don/cobot_ws/install/Cobot_urdf_description:/home/don/cobot_ws/install/cobot_moveit_config:/opt/ros/humble CMAKE_PREFIX_PATH=${CMAKE_PREFIX_PATH}:/home/don/cobot_ws/install/Cobot_urdf_description:/opt/ros/humble PYTHONPATH=/home/don/cobot_ws/build/Cobot_urdf_description:/home/don/cobot_ws/install/Cobot_urdf_description/lib/python3.10/site-packages:/home/don/cobot_ws/install/Cobot_urdf_description/lib/python3.8/site-packages:/opt/ros/humble/lib/python3.10/site-packages:/opt/ros/humble/local/lib/python3.10/dist-packages /usr/bin/cmake --build /home/don/cobot_ws/build/cobot_moveit_config -- -j12 -l12
[1.627s] DEBUG:colcon.colcon_core.event_handler.log_command:Invoked command in '/home/don/cobot_ws/build/cobot_moveit_config' returned '0': AMENT_PREFIX_PATH=/home/don/cobot_ws/install/Cobot_urdf_description:/home/don/cobot_ws/install/cobot_moveit_config:/opt/ros/humble CMAKE_PREFIX_PATH=${CMAKE_PREFIX_PATH}:/home/don/cobot_ws/install/Cobot_urdf_description:/opt/ros/humble PYTHONPATH=/home/don/cobot_ws/build/Cobot_urdf_description:/home/don/cobot_ws/install/Cobot_urdf_description/lib/python3.10/site-packages:/home/don/cobot_ws/install/Cobot_urdf_description/lib/python3.8/site-packages:/opt/ros/humble/lib/python3.10/site-packages:/opt/ros/humble/local/lib/python3.10/dist-packages /usr/bin/cmake --build /home/don/cobot_ws/build/cobot_moveit_config -- -j12 -l12
[1.655s] DEBUG:colcon.colcon_core.event_handler.log_command:Invoking command in '/home/don/cobot_ws/build/cobot_moveit_config': AMENT_PREFIX_PATH=/home/don/cobot_ws/install/Cobot_urdf_description:/home/don/cobot_ws/install/cobot_moveit_config:/opt/ros/humble CMAKE_PREFIX_PATH=${CMAKE_PREFIX_PATH}:/home/don/cobot_ws/install/Cobot_urdf_description:/opt/ros/humble PYTHONPATH=/home/don/cobot_ws/build/Cobot_urdf_description:/home/don/cobot_ws/install/Cobot_urdf_description/lib/python3.10/site-packages:/home/don/cobot_ws/install/Cobot_urdf_description/lib/python3.8/site-packages:/opt/ros/humble/lib/python3.10/site-packages:/opt/ros/humble/local/lib/python3.10/dist-packages /usr/bin/cmake --install /home/don/cobot_ws/build/cobot_moveit_config
[1.674s] Level 1:colcon.colcon_core.environment:create_environment_scripts_only(cobot_moveit_config)
[1.674s] Level 1:colcon.colcon_core.environment:checking '/home/don/cobot_ws/install/cobot_moveit_config' for CMake module files
[1.674s] DEBUG:colcon.colcon_core.event_handler.log_command:Invoked command in '/home/don/cobot_ws/build/cobot_moveit_config' returned '0': AMENT_PREFIX_PATH=/home/don/cobot_ws/install/Cobot_urdf_description:/home/don/cobot_ws/install/cobot_moveit_config:/opt/ros/humble CMAKE_PREFIX_PATH=${CMAKE_PREFIX_PATH}:/home/don/cobot_ws/install/Cobot_urdf_description:/opt/ros/humble PYTHONPATH=/home/don/cobot_ws/build/Cobot_urdf_description:/home/don/cobot_ws/install/Cobot_urdf_description/lib/python3.10/site-packages:/home/don/cobot_ws/install/Cobot_urdf_description/lib/python3.8/site-packages:/opt/ros/humble/lib/python3.10/site-packages:/opt/ros/humble/local/lib/python3.10/dist-packages /usr/bin/cmake --install /home/don/cobot_ws/build/cobot_moveit_config
[1.675s] Level 1:colcon.colcon_core.environment:checking '/home/don/cobot_ws/install/cobot_moveit_config' for CMake config files
[1.675s] Level 1:colcon.colcon_core.shell:create_environment_hook('cobot_moveit_config', 'cmake_prefix_path')
[1.675s] INFO:colcon.colcon_core.shell:Creating environment hook '/home/don/cobot_ws/install/cobot_moveit_config/share/cobot_moveit_config/hook/cmake_prefix_path.ps1'
[1.676s] INFO:colcon.colcon_core.shell:Creating environment descriptor '/home/don/cobot_ws/install/cobot_moveit_config/share/cobot_moveit_config/hook/cmake_prefix_path.dsv'
[1.676s] INFO:colcon.colcon_core.shell:Creating environment hook '/home/don/cobot_ws/install/cobot_moveit_config/share/cobot_moveit_config/hook/cmake_prefix_path.sh'
[1.676s] Level 1:colcon.colcon_core.environment:checking '/home/don/cobot_ws/install/cobot_moveit_config/bin'
[1.676s] Level 1:colcon.colcon_core.environment:checking '/home/don/cobot_ws/install/cobot_moveit_config/lib/pkgconfig/cobot_moveit_config.pc'
[1.677s] Level 1:colcon.colcon_core.environment:checking '/home/don/cobot_ws/install/cobot_moveit_config/lib/python3.10/site-packages'
[1.677s] Level 1:colcon.colcon_core.environment:checking '/home/don/cobot_ws/install/cobot_moveit_config/bin'
[1.677s] INFO:colcon.colcon_core.shell:Creating package script '/home/don/cobot_ws/install/cobot_moveit_config/share/cobot_moveit_config/package.ps1'
[1.677s] INFO:colcon.colcon_core.shell:Creating package descriptor '/home/don/cobot_ws/install/cobot_moveit_config/share/cobot_moveit_config/package.dsv'
[1.678s] INFO:colcon.colcon_core.shell:Creating package script '/home/don/cobot_ws/install/cobot_moveit_config/share/cobot_moveit_config/package.sh'
[1.678s] INFO:colcon.colcon_core.shell:Creating package script '/home/don/cobot_ws/install/cobot_moveit_config/share/cobot_moveit_config/package.bash'
[1.678s] INFO:colcon.colcon_core.shell:Creating package script '/home/don/cobot_ws/install/cobot_moveit_config/share/cobot_moveit_config/package.zsh'
[1.678s] Level 1:colcon.colcon_core.environment:create_file_with_runtime_dependencies(/home/don/cobot_ws/install/cobot_moveit_config/share/colcon-core/packages/cobot_moveit_config)
[1.697s] Level 1:colcon.colcon_core.environment:create_environment_scripts_only(cobot_moveit_config)
[1.697s] Level 1:colcon.colcon_core.environment:checking '/home/don/cobot_ws/install/cobot_moveit_config' for CMake module files
[1.698s] Level 1:colcon.colcon_core.environment:checking '/home/don/cobot_ws/install/cobot_moveit_config' for CMake config files
[1.698s] Level 1:colcon.colcon_core.shell:create_environment_hook('cobot_moveit_config', 'cmake_prefix_path')
[1.699s] INFO:colcon.colcon_core.shell:Creating environment hook '/home/don/cobot_ws/install/cobot_moveit_config/share/cobot_moveit_config/hook/cmake_prefix_path.ps1'
[1.699s] INFO:colcon.colcon_core.shell:Creating environment descriptor '/home/don/cobot_ws/install/cobot_moveit_config/share/cobot_moveit_config/hook/cmake_prefix_path.dsv'
[1.699s] INFO:colcon.colcon_core.shell:Creating environment hook '/home/don/cobot_ws/install/cobot_moveit_config/share/cobot_moveit_config/hook/cmake_prefix_path.sh'
[1.700s] Level 1:colcon.colcon_core.environment:checking '/home/don/cobot_ws/install/cobot_moveit_config/bin'
[1.700s] Level 1:colcon.colcon_core.environment:checking '/home/don/cobot_ws/install/cobot_moveit_config/lib/pkgconfig/cobot_moveit_config.pc'
[1.700s] Level 1:colcon.colcon_core.environment:checking '/home/don/cobot_ws/install/cobot_moveit_config/lib/python3.10/site-packages'
[1.700s] Level 1:colcon.colcon_core.environment:checking '/home/don/cobot_ws/install/cobot_moveit_config/bin'
[1.700s] INFO:colcon.colcon_core.shell:Creating package script '/home/don/cobot_ws/install/cobot_moveit_config/share/cobot_moveit_config/package.ps1'
[1.700s] INFO:colcon.colcon_core.shell:Creating package descriptor '/home/don/cobot_ws/install/cobot_moveit_config/share/cobot_moveit_config/package.dsv'
[1.701s] INFO:colcon.colcon_core.shell:Creating package script '/home/don/cobot_ws/install/cobot_moveit_config/share/cobot_moveit_config/package.sh'
[1.701s] INFO:colcon.colcon_core.shell:Creating package script '/home/don/cobot_ws/install/cobot_moveit_config/share/cobot_moveit_config/package.bash'
[1.701s] INFO:colcon.colcon_core.shell:Creating package script '/home/don/cobot_ws/install/cobot_moveit_config/share/cobot_moveit_config/package.zsh'
[1.702s] Level 1:colcon.colcon_core.environment:create_file_with_runtime_dependencies(/home/don/cobot_ws/install/cobot_moveit_config/share/colcon-core/packages/cobot_moveit_config)
[1.702s] DEBUG:colcon.colcon_parallel_executor.executor.parallel:closing loop
[1.702s] DEBUG:colcon.colcon_parallel_executor.executor.parallel:loop closed
[1.702s] DEBUG:colcon.colcon_parallel_executor.executor.parallel:run_until_complete finished with '0'
[1.702s] DEBUG:colcon.colcon_core.event_reactor:joining thread
[1.708s] INFO:colcon.colcon_core.plugin_system:Skipping extension 'colcon_notification.desktop_notification.terminal_notifier': Not used on non-Darwin systems
[1.708s] INFO:colcon.colcon_core.plugin_system:Skipping extension 'colcon_notification.desktop_notification.win32': Not used on non-Windows systems
[1.708s] INFO:colcon.colcon_notification.desktop_notification:Sending desktop notification using 'notify2'
[1.717s] DEBUG:colcon.colcon_core.event_reactor:joined thread
[1.718s] INFO:colcon.colcon_core.shell:Creating prefix script '/home/don/cobot_ws/install/local_setup.ps1'
[1.719s] INFO:colcon.colcon_core.shell:Creating prefix util module '/home/don/cobot_ws/install/_local_setup_util_ps1.py'
[1.720s] INFO:colcon.colcon_core.shell:Creating prefix chain script '/home/don/cobot_ws/install/setup.ps1'
[1.720s] INFO:colcon.colcon_core.shell:Creating prefix script '/home/don/cobot_ws/install/local_setup.sh'
[1.721s] INFO:colcon.colcon_core.shell:Creating prefix util module '/home/don/cobot_ws/install/_local_setup_util_sh.py'
[1.721s] INFO:colcon.colcon_core.shell:Creating prefix chain script '/home/don/cobot_ws/install/setup.sh'
[1.722s] INFO:colcon.colcon_core.shell:Creating prefix script '/home/don/cobot_ws/install/local_setup.bash'
[1.722s] INFO:colcon.colcon_core.shell:Creating prefix chain script '/home/don/cobot_ws/install/setup.bash'
[1.723s] INFO:colcon.colcon_core.shell:Creating prefix script '/home/don/cobot_ws/install/local_setup.zsh'
[1.723s] INFO:colcon.colcon_core.shell:Creating prefix chain script '/home/don/cobot_ws/install/setup.zsh'
